<?xml version="1.0" encoding="UTF-8"?>
<!-- Generated by org.testng.reporters.JUnitXMLReporter -->
<testsuite hostname="DESKTOP-VU2BE3T" ignored="0" name="Default test" tests="1" failures="0" timestamp="09 Nov 2017 07:23:33 GMT" time="61.362" errors="0">
  <testcase name="@BeforeTest openbrowser" time="61.183" classname="testngprogrames.getallrowsdata">
    <failure type="org.openqa.selenium.WebDriverException" message="Failed to connect to binary FirefoxBinary(C:\Program Files\Mozilla Firefox\firefox.exe) on port 7055; process output follows: 
dSave.addons.json	DEBUG	Starting write
1510212190665	DeferredSave.extensions.json	DEBUG	Write succeeded
1510212190686	DeferredSave.addons.json	DEBUG	Write succeeded
1510212199722	addons.manager	DEBUG	Starting provider: &amp;lt;unnamed-provider&amp;gt;
1510212199722	addons.manager	DEBUG	Registering shutdown blocker for &amp;lt;unnamed-provider&amp;gt;
1510212199723	addons.manager	DEBUG	Provider finished startup: &amp;lt;unnamed-provider&amp;gt;
1510212199735	addons.xpi	INFO	Mapping fxdriver@googlecode.com to C:\Users\SURESH\AppData\Local\Temp\anonymous7894762736199266513webdriver-profile\extensions\fxdriver@googlecode.com
1510212199735	addons.xpi	DEBUG	Ignoring file entry whose name is not a valid add-on ID: C:\Users\SURESH\AppData\Local\Temp\anonymous7894762736199266513webdriver-profile\extensions\webdriver-staging
1510212199738	addons.xpi	DEBUG	Existing add-on fxdriver@googlecode.com in app-profile
1510212199740	addons.xpi	INFO	Mapping aushelper@mozilla.org to C:\Program Files\Mozilla Firefox\browser\features\aushelper@mozilla.org.xpi
1510212199740	addons.xpi	INFO	Mapping clicktoplay-rollout@mozilla.org to C:\Program Files\Mozilla Firefox\browser\features\clicktoplay-rollout@mozilla.org.xpi
1510212199741	addons.xpi	INFO	Mapping e10srollout@mozilla.org to C:\Program Files\Mozilla Firefox\browser\features\e10srollout@mozilla.org.xpi
1510212199742	addons.xpi	INFO	Mapping firefox@getpocket.com to C:\Program Files\Mozilla Firefox\browser\features\firefox@getpocket.com.xpi
1510212199743	addons.xpi	INFO	Mapping followonsearch@mozilla.com to C:\Program Files\Mozilla Firefox\browser\features\followonsearch@mozilla.com.xpi
1510212199744	addons.xpi	INFO	Mapping screenshots@mozilla.org to C:\Program Files\Mozilla Firefox\browser\features\screenshots@mozilla.org.xpi
1510212199745	addons.xpi	INFO	Mapping shield-recipe-client@mozilla.org to C:\Program Files\Mozilla Firefox\browser\features\shield-recipe-client@mozilla.org.xpi
1510212199745	addons.xpi	INFO	Mapping webcompat@mozilla.org to C:\Program Files\Mozilla Firefox\browser\features\webcompat@mozilla.org.xpi
1510212199747	addons.xpi	DEBUG	Existing add-on aushelper@mozilla.org in app-system-defaults
1510212199748	addons.xpi	DEBUG	Existing add-on clicktoplay-rollout@mozilla.org in app-system-defaults
1510212199749	addons.xpi	DEBUG	Existing add-on e10srollout@mozilla.org in app-system-defaults
1510212199750	addons.xpi	DEBUG	Existing add-on firefox@getpocket.com in app-system-defaults
1510212199752	addons.xpi	DEBUG	Existing add-on followonsearch@mozilla.com in app-system-defaults
1510212199753	addons.xpi	DEBUG	Existing add-on screenshots@mozilla.org in app-system-defaults
1510212199754	addons.xpi	DEBUG	Existing add-on shield-recipe-client@mozilla.org in app-system-defaults
1510212199755	addons.xpi	DEBUG	Existing add-on webcompat@mozilla.org in app-system-defaults
1510212199757	addons.xpi	INFO	Mapping {972ce4c6-7e08-4474-a285-3208198ce6fd} to C:\Program Files\Mozilla Firefox\browser\extensions\{972ce4c6-7e08-4474-a285-3208198ce6fd}.xpi
1510212199758	addons.xpi	DEBUG	Existing add-on {972ce4c6-7e08-4474-a285-3208198ce6fd} in app-global
1510212199759	addons.xpi	DEBUG	getInstallState changed: false, state: {}
Unable to read VR Path Registry from C:\Users\SURESH\AppData\Local\openvr\openvrpaths.vrpath
[Child 8504] WARNING: pipe error: 109: file c:/builds/moz2_slave/m-rel-w64-00000000000000000000/build/src/ipc/chromium/src/chrome/common/ipc_channel_win.cc, line 346
[Child 8504] WARNING: pipe error: 109: file c:/builds/moz2_slave/m-rel-w64-00000000000000000000/build/src/ipc/chromium/src/chrome/common/ipc_channel_win.cc, line 346
1510212201041	addons.productaddons	INFO	sending request to: https://aus5.mozilla.org/update/3/GMP/55.0.3/20170824053622/WINNT_x86_64-msvc-x64/en-US/release/Windows_NT%2010.0.0.0%20(x64)/default/default/update.xml
1510212202894	addons.productaddons	INFO	Completed downloading document
1510212204845	addons.productaddons	INFO	downloadXHR File download. status=200
1510212204854	addons.productaddons	INFO	Downloaded file will be saved to C:\Users\SURESH\AppData\Local\Temp\tmpaddon

Build info: version: &amp;apos;2.48.2&amp;apos;, revision: &amp;apos;41bccdd&amp;apos;, time: &amp;apos;2015-10-09 19:59:12&amp;apos;
System info: host: &amp;apos;DESKTOP-VU2BE3T&amp;apos;, ip: &amp;apos;192.168.43.252&amp;apos;, os.name: &amp;apos;Windows 10&amp;apos;, os.arch: &amp;apos;amd64&amp;apos;, os.version: &amp;apos;10.0&amp;apos;, java.version: &amp;apos;1.8.0_101&amp;apos;
Driver info: driver.version: FirefoxDriver">
      <![CDATA[org.openqa.selenium.WebDriverException: Failed to connect to binary FirefoxBinary(C:\Program Files\Mozilla Firefox\firefox.exe) on port 7055; process output follows: 
dSave.addons.json	DEBUG	Starting write
1510212190665	DeferredSave.extensions.json	DEBUG	Write succeeded
1510212190686	DeferredSave.addons.json	DEBUG	Write succeeded
1510212199722	addons.manager	DEBUG	Starting provider: <unnamed-provider>
1510212199722	addons.manager	DEBUG	Registering shutdown blocker for <unnamed-provider>
1510212199723	addons.manager	DEBUG	Provider finished startup: <unnamed-provider>
1510212199735	addons.xpi	INFO	Mapping fxdriver@googlecode.com to C:\Users\SURESH\AppData\Local\Temp\anonymous7894762736199266513webdriver-profile\extensions\fxdriver@googlecode.com
1510212199735	addons.xpi	DEBUG	Ignoring file entry whose name is not a valid add-on ID: C:\Users\SURESH\AppData\Local\Temp\anonymous7894762736199266513webdriver-profile\extensions\webdriver-staging
1510212199738	addons.xpi	DEBUG	Existing add-on fxdriver@googlecode.com in app-profile
1510212199740	addons.xpi	INFO	Mapping aushelper@mozilla.org to C:\Program Files\Mozilla Firefox\browser\features\aushelper@mozilla.org.xpi
1510212199740	addons.xpi	INFO	Mapping clicktoplay-rollout@mozilla.org to C:\Program Files\Mozilla Firefox\browser\features\clicktoplay-rollout@mozilla.org.xpi
1510212199741	addons.xpi	INFO	Mapping e10srollout@mozilla.org to C:\Program Files\Mozilla Firefox\browser\features\e10srollout@mozilla.org.xpi
1510212199742	addons.xpi	INFO	Mapping firefox@getpocket.com to C:\Program Files\Mozilla Firefox\browser\features\firefox@getpocket.com.xpi
1510212199743	addons.xpi	INFO	Mapping followonsearch@mozilla.com to C:\Program Files\Mozilla Firefox\browser\features\followonsearch@mozilla.com.xpi
1510212199744	addons.xpi	INFO	Mapping screenshots@mozilla.org to C:\Program Files\Mozilla Firefox\browser\features\screenshots@mozilla.org.xpi
1510212199745	addons.xpi	INFO	Mapping shield-recipe-client@mozilla.org to C:\Program Files\Mozilla Firefox\browser\features\shield-recipe-client@mozilla.org.xpi
1510212199745	addons.xpi	INFO	Mapping webcompat@mozilla.org to C:\Program Files\Mozilla Firefox\browser\features\webcompat@mozilla.org.xpi
1510212199747	addons.xpi	DEBUG	Existing add-on aushelper@mozilla.org in app-system-defaults
1510212199748	addons.xpi	DEBUG	Existing add-on clicktoplay-rollout@mozilla.org in app-system-defaults
1510212199749	addons.xpi	DEBUG	Existing add-on e10srollout@mozilla.org in app-system-defaults
1510212199750	addons.xpi	DEBUG	Existing add-on firefox@getpocket.com in app-system-defaults
1510212199752	addons.xpi	DEBUG	Existing add-on followonsearch@mozilla.com in app-system-defaults
1510212199753	addons.xpi	DEBUG	Existing add-on screenshots@mozilla.org in app-system-defaults
1510212199754	addons.xpi	DEBUG	Existing add-on shield-recipe-client@mozilla.org in app-system-defaults
1510212199755	addons.xpi	DEBUG	Existing add-on webcompat@mozilla.org in app-system-defaults
1510212199757	addons.xpi	INFO	Mapping {972ce4c6-7e08-4474-a285-3208198ce6fd} to C:\Program Files\Mozilla Firefox\browser\extensions\{972ce4c6-7e08-4474-a285-3208198ce6fd}.xpi
1510212199758	addons.xpi	DEBUG	Existing add-on {972ce4c6-7e08-4474-a285-3208198ce6fd} in app-global
1510212199759	addons.xpi	DEBUG	getInstallState changed: false, state: {}
Unable to read VR Path Registry from C:\Users\SURESH\AppData\Local\openvr\openvrpaths.vrpath
[Child 8504] WARNING: pipe error: 109: file c:/builds/moz2_slave/m-rel-w64-00000000000000000000/build/src/ipc/chromium/src/chrome/common/ipc_channel_win.cc, line 346
[Child 8504] WARNING: pipe error: 109: file c:/builds/moz2_slave/m-rel-w64-00000000000000000000/build/src/ipc/chromium/src/chrome/common/ipc_channel_win.cc, line 346
1510212201041	addons.productaddons	INFO	sending request to: https://aus5.mozilla.org/update/3/GMP/55.0.3/20170824053622/WINNT_x86_64-msvc-x64/en-US/release/Windows_NT%2010.0.0.0%20(x64)/default/default/update.xml
1510212202894	addons.productaddons	INFO	Completed downloading document
1510212204845	addons.productaddons	INFO	downloadXHR File download. status=200
1510212204854	addons.productaddons	INFO	Downloaded file will be saved to C:\Users\SURESH\AppData\Local\Temp\tmpaddon

Build info: version: '2.48.2', revision: '41bccdd', time: '2015-10-09 19:59:12'
System info: host: 'DESKTOP-VU2BE3T', ip: '192.168.43.252', os.name: 'Windows 10', os.arch: 'amd64', os.version: '10.0', java.version: '1.8.0_101'
Driver info: driver.version: FirefoxDriver
	at org.openqa.selenium.firefox.internal.NewProfileExtensionConnection.start(NewProfileExtensionConnection.java:134)
	at org.openqa.selenium.firefox.FirefoxDriver.startClient(FirefoxDriver.java:271)
	at org.openqa.selenium.remote.RemoteWebDriver.<init>(RemoteWebDriver.java:117)
	at org.openqa.selenium.firefox.FirefoxDriver.<init>(FirefoxDriver.java:218)
	at org.openqa.selenium.firefox.FirefoxDriver.<init>(FirefoxDriver.java:211)
	at org.openqa.selenium.firefox.FirefoxDriver.<init>(FirefoxDriver.java:207)
	at org.openqa.selenium.firefox.FirefoxDriver.<init>(FirefoxDriver.java:120)
	at testngprogrames.getallrowsdata.openbrowser(getallrowsdata.java:11)
	at sun.reflect.NativeMethodAccessorImpl.invoke0(Native Method)
	at sun.reflect.NativeMethodAccessorImpl.invoke(NativeMethodAccessorImpl.java:62)
	at sun.reflect.DelegatingMethodAccessorImpl.invoke(DelegatingMethodAccessorImpl.java:43)
	at java.lang.reflect.Method.invoke(Method.java:498)
	at org.testng.internal.MethodInvocationHelper.invokeMethod(MethodInvocationHelper.java:108)
	at org.testng.internal.Invoker.invokeConfigurationMethod(Invoker.java:523)
	at org.testng.internal.Invoker.invokeConfigurations(Invoker.java:224)
	at org.testng.internal.Invoker.invokeConfigurations(Invoker.java:146)
	at org.testng.TestRunner.beforeRun(TestRunner.java:626)
	at org.testng.TestRunner.run(TestRunner.java:594)
	at org.testng.SuiteRunner.runTest(SuiteRunner.java:380)
	at org.testng.SuiteRunner.runSequentially(SuiteRunner.java:375)
	at org.testng.SuiteRunner.privateRun(SuiteRunner.java:340)
	at org.testng.SuiteRunner.run(SuiteRunner.java:289)
	at org.testng.SuiteRunnerWorker.runSuite(SuiteRunnerWorker.java:52)
	at org.testng.SuiteRunnerWorker.run(SuiteRunnerWorker.java:86)
	at org.testng.TestNG.runSuitesSequentially(TestNG.java:1301)
	at org.testng.TestNG.runSuitesLocally(TestNG.java:1226)
	at org.testng.TestNG.runSuites(TestNG.java:1144)
	at org.testng.TestNG.run(TestNG.java:1115)
	at org.testng.remote.AbstractRemoteTestNG.run(AbstractRemoteTestNG.java:132)
	at org.testng.remote.RemoteTestNG.initAndRun(RemoteTestNG.java:230)
	at org.testng.remote.RemoteTestNG.main(RemoteTestNG.java:76)
Caused by: org.openqa.selenium.firefox.NotConnectedException: Unable to connect to host 127.0.0.1 on port 7055 after 45000 ms. Firefox console output:
dSave.addons.json	DEBUG	Starting write
1510212190665	DeferredSave.extensions.json	DEBUG	Write succeeded
1510212190686	DeferredSave.addons.json	DEBUG	Write succeeded
1510212199722	addons.manager	DEBUG	Starting provider: <unnamed-provider>
1510212199722	addons.manager	DEBUG	Registering shutdown blocker for <unnamed-provider>
1510212199723	addons.manager	DEBUG	Provider finished startup: <unnamed-provider>
1510212199735	addons.xpi	INFO	Mapping fxdriver@googlecode.com to C:\Users\SURESH\AppData\Local\Temp\anonymous7894762736199266513webdriver-profile\extensions\fxdriver@googlecode.com
1510212199735	addons.xpi	DEBUG	Ignoring file entry whose name is not a valid add-on ID: C:\Users\SURESH\AppData\Local\Temp\anonymous7894762736199266513webdriver-profile\extensions\webdriver-staging
1510212199738	addons.xpi	DEBUG	Existing add-on fxdriver@googlecode.com in app-profile
1510212199740	addons.xpi	INFO	Mapping aushelper@mozilla.org to C:\Program Files\Mozilla Firefox\browser\features\aushelper@mozilla.org.xpi
1510212199740	addons.xpi	INFO	Mapping clicktoplay-rollout@mozilla.org to C:\Program Files\Mozilla Firefox\browser\features\clicktoplay-rollout@mozilla.org.xpi
1510212199741	addons.xpi	INFO	Mapping e10srollout@mozilla.org to C:\Program Files\Mozilla Firefox\browser\features\e10srollout@mozilla.org.xpi
1510212199742	addons.xpi	INFO	Mapping firefox@getpocket.com to C:\Program Files\Mozilla Firefox\browser\features\firefox@getpocket.com.xpi
1510212199743	addons.xpi	INFO	Mapping followonsearch@mozilla.com to C:\Program Files\Mozilla Firefox\browser\features\followonsearch@mozilla.com.xpi
1510212199744	addons.xpi	INFO	Mapping screenshots@mozilla.org to C:\Program Files\Mozilla Firefox\browser\features\screenshots@mozilla.org.xpi
1510212199745	addons.xpi	INFO	Mapping shield-recipe-client@mozilla.org to C:\Program Files\Mozilla Firefox\browser\features\shield-recipe-client@mozilla.org.xpi
1510212199745	addons.xpi	INFO	Mapping webcompat@mozilla.org to C:\Program Files\Mozilla Firefox\browser\features\webcompat@mozilla.org.xpi
1510212199747	addons.xpi	DEBUG	Existing add-on aushelper@mozilla.org in app-system-defaults
1510212199748	addons.xpi	DEBUG	Existing add-on clicktoplay-rollout@mozilla.org in app-system-defaults
1510212199749	addons.xpi	DEBUG	Existing add-on e10srollout@mozilla.org in app-system-defaults
1510212199750	addons.xpi	DEBUG	Existing add-on firefox@getpocket.com in app-system-defaults
1510212199752	addons.xpi	DEBUG	Existing add-on followonsearch@mozilla.com in app-system-defaults
1510212199753	addons.xpi	DEBUG	Existing add-on screenshots@mozilla.org in app-system-defaults
1510212199754	addons.xpi	DEBUG	Existing add-on shield-recipe-client@mozilla.org in app-system-defaults
1510212199755	addons.xpi	DEBUG	Existing add-on webcompat@mozilla.org in app-system-defaults
1510212199757	addons.xpi	INFO	Mapping {972ce4c6-7e08-4474-a285-3208198ce6fd} to C:\Program Files\Mozilla Firefox\browser\extensions\{972ce4c6-7e08-4474-a285-3208198ce6fd}.xpi
1510212199758	addons.xpi	DEBUG	Existing add-on {972ce4c6-7e08-4474-a285-3208198ce6fd} in app-global
1510212199759	addons.xpi	DEBUG	getInstallState changed: false, state: {}
Unable to read VR Path Registry from C:\Users\SURESH\AppData\Local\openvr\openvrpaths.vrpath
[Child 8504] WARNING: pipe error: 109: file c:/builds/moz2_slave/m-rel-w64-00000000000000000000/build/src/ipc/chromium/src/chrome/common/ipc_channel_win.cc, line 346
[Child 8504] WARNING: pipe error: 109: file c:/builds/moz2_slave/m-rel-w64-00000000000000000000/build/src/ipc/chromium/src/chrome/common/ipc_channel_win.cc, line 346
1510212201041	addons.productaddons	INFO	sending request to: https://aus5.mozilla.org/update/3/GMP/55.0.3/20170824053622/WINNT_x86_64-msvc-x64/en-US/release/Windows_NT%2010.0.0.0%20(x64)/default/default/update.xml
1510212202894	addons.productaddons	INFO	Completed downloading document
1510212204845	addons.productaddons	INFO	downloadXHR File download. status=200
1510212204854	addons.productaddons	INFO	Downloaded file will be saved to C:\Users\SURESH\AppData\Local\Temp\tmpaddon

	at org.openqa.selenium.firefox.internal.NewProfileExtensionConnection.start(NewProfileExtensionConnection.java:122)
	... 30 more
]]>
    </failure>
  </testcase> <!-- @BeforeTest openbrowser -->
  <testcase name="getdata" time="0.001" classname="testngprogrames.getallrowsdata">
    <skipped/>
  </testcase> <!-- getdata -->
</testsuite> <!-- Default test -->
